22:55:15 **** Build of configuration Debug for project MiniProject ****
make all 
Building file: ../MiniProject.c
Invoking: AVR Compiler
avr-gcc -Wall -g2 -gstabs -O0 -fpack-struct -fshort-enums -ffunction-sections -fdata-sections -std=gnu99 -funsigned-char -funsigned-bitfields -mmcu=atmega32 -DF_CPU=1000000UL -MMD -MP -MF"MiniProject.d" -MT"MiniProject.o" -c -o "MiniProject.o" "../MiniProject.c"
Finished building: ../MiniProject.c
 
Building target: MiniProject.elf
Invoking: AVR C Linker
avr-gcc -Wl,-Map,MiniProject.map -mmcu=atmega32 -o "MiniProject.elf"  ./MiniProject.o   
c:/winavr-20100110/bin/../lib/gcc/avr/4.3.3/../../../../avr/lib/avr5/crtm32.o:(.init9+0x0): undefined reference to `main'
make: *** [MiniProject.elf] Error 1
"make all" terminated with exit code 2. Build might be incomplete.
23:45:44 **** Incremental Build of configuration Debug for project MiniProject ****
make all 
Building file: ../MiniProject.c
Invoking: AVR Compiler
avr-gcc -Wall -g2 -gstabs -O0 -fpack-struct -fshort-enums -ffunction-sections -fdata-sections -std=gnu99 -funsigned-char -funsigned-bitfields -mmcu=atmega32 -DF_CPU=1000000UL -MMD -MP -MF"MiniProject.d" -MT"MiniProject.o" -c -o "MiniProject.o" "../MiniProject.c"
Finished building: ../MiniProject.c
 
Building target: MiniProject.elf
Invoking: AVR C Linker
avr-gcc -Wl,-Map,MiniProject.map -mmcu=atmega32 -o "MiniProject.elf"  ./MiniProject.o   
Finished building target: MiniProject.elf
 
Invoking: AVR Create Extended Listing
avr-objdump -h -S MiniProject.elf  >"MiniProject.lss"
Finished building: MiniProject.lss
 
Invoking: Print Size
avr-size --format=avr --mcu=atmega32 MiniProject.elf
AVR Memory Usage
----------------
Device: atmega32

Program:     794 bytes (2.4% Full)
(.text + .data + .bootloader)

Data:          6 bytes (0.3% Full)
(.data + .bss + .noinit)


Finished building: sizedummy
 
23:57:53 **** Incremental Build of configuration Debug for project MiniProject ****
make all 
Building file: ../MiniProject.c
Invoking: AVR Compiler
avr-gcc -Wall -g2 -gstabs -O0 -fpack-struct -fshort-enums -ffunction-sections -fdata-sections -std=gnu99 -funsigned-char -funsigned-bitfields -mmcu=atmega32 -DF_CPU=1000000UL -MMD -MP -MF"MiniProject.d" -MT"MiniProject.o" -c -o "MiniProject.o" "../MiniProject.c"
../MiniProject.c: In function 'main':
../MiniProject.c:106: warning: implicit declaration of function 'INT0_Init'
../MiniProject.c:108: warning: implicit declaration of function 'INT1_Init'
../MiniProject.c:110: warning: implicit declaration of function 'INT2_Init'
../MiniProject.c:112: warning: implicit declaration of function 'Timer1_CTC__Init'
../MiniProject.c:114: warning: implicit declaration of function 'init_7segment_decoder'
../MiniProject.c:116: warning: implicit declaration of function 'init_7segment_buttons'
../MiniProject.c:120: error: 'timer1_flag' undeclared (first use in this function)
../MiniProject.c:120: error: (Each undeclared identifier is reported only once
../MiniProject.c:120: error: for each function it appears in.)
../MiniProject.c:121: warning: implicit declaration of function 'update_stop_watch_digits'
make: *** [MiniProject.o] Error 1
"make all" terminated with exit code 2. Build might be incomplete.
00:00:22 **** Incremental Build of configuration Debug for project MiniProject ****
make all 
Building file: ../MiniProject.c
Invoking: AVR Compiler
avr-gcc -Wall -g2 -gstabs -O0 -fpack-struct -fshort-enums -ffunction-sections -fdata-sections -std=gnu99 -funsigned-char -funsigned-bitfields -mmcu=atmega32 -DF_CPU=1000000UL -MMD -MP -MF"MiniProject.d" -MT"MiniProject.o" -c -o "MiniProject.o" "../MiniProject.c"
Finished building: ../MiniProject.c
 
Building target: MiniProject.elf
Invoking: AVR C Linker
avr-gcc -Wl,-Map,MiniProject.map -mmcu=atmega32 -o "MiniProject.elf"  ./MiniProject.o   
Finished building target: MiniProject.elf
 
Invoking: AVR Create Extended Listing
avr-objdump -h -S MiniProject.elf  >"MiniProject.lss"
Finished building: MiniProject.lss
 
Invoking: Print Size
avr-size --format=avr --mcu=atmega32 MiniProject.elf
AVR Memory Usage
----------------
Device: atmega32

Program:    1216 bytes (3.7% Full)
(.text + .data + .bootloader)

Data:          6 bytes (0.3% Full)
(.data + .bss + .noinit)


Finished building: sizedummy
 
00:05:44 **** Incremental Build of configuration Debug for project MiniProject ****
make all 
Invoking: Print Size
avr-size --format=avr --mcu=atmega32 MiniProject.elf
AVR Memory Usage
----------------
Device: atmega32

Program:    1216 bytes (3.7% Full)
(.text + .data + .bootloader)

Data:          6 bytes (0.3% Full)
(.data + .bss + .noinit)


Finished building: sizedummy
 
00:07:25 **** Incremental Build of configuration Debug for project MiniProject ****
make all 
Building file: ../MiniProject.c
Invoking: AVR Compiler
avr-gcc -Wall -g2 -gstabs -O0 -fpack-struct -fshort-enums -ffunction-sections -fdata-sections -std=gnu99 -funsigned-char -funsigned-bitfields -mmcu=atmega32 -DF_CPU=1000000UL -MMD -MP -MF"MiniProject.d" -MT"MiniProject.o" -c -o "MiniProject.o" "../MiniProject.c"
Finished building: ../MiniProject.c
 
Building target: MiniProject.elf
Invoking: AVR C Linker
avr-gcc -Wl,-Map,MiniProject.map -mmcu=atmega32 -o "MiniProject.elf"  ./MiniProject.o   
Finished building target: MiniProject.elf
 
Invoking: AVR Create Extended Listing
avr-objdump -h -S MiniProject.elf  >"MiniProject.lss"
Finished building: MiniProject.lss
 
Invoking: Print Size
avr-size --format=avr --mcu=atmega32 MiniProject.elf
AVR Memory Usage
----------------
Device: atmega32

Program:    1184 bytes (3.6% Full)
(.text + .data + .bootloader)

Data:          6 bytes (0.3% Full)
(.data + .bss + .noinit)


Finished building: sizedummy
 
00:08:57 **** Incremental Build of configuration Debug for project MiniProject ****
make all 
Building file: ../MiniProject.c
Invoking: AVR Compiler
avr-gcc -Wall -g2 -gstabs -O0 -fpack-struct -fshort-enums -ffunction-sections -fdata-sections -std=gnu99 -funsigned-char -funsigned-bitfields -mmcu=atmega32 -DF_CPU=1000000UL -MMD -MP -MF"MiniProject.d" -MT"MiniProject.o" -c -o "MiniProject.o" "../MiniProject.c"
Finished building: ../MiniProject.c
 
Building target: MiniProject.elf
Invoking: AVR C Linker
avr-gcc -Wl,-Map,MiniProject.map -mmcu=atmega32 -o "MiniProject.elf"  ./MiniProject.o   
Finished building target: MiniProject.elf
 
Invoking: AVR Create Extended Listing
avr-objdump -h -S MiniProject.elf  >"MiniProject.lss"
Finished building: MiniProject.lss
 
Invoking: Print Size
avr-size --format=avr --mcu=atmega32 MiniProject.elf
AVR Memory Usage
----------------
Device: atmega32

Program:    1184 bytes (3.6% Full)
(.text + .data + .bootloader)

Data:          6 bytes (0.3% Full)
(.data + .bss + .noinit)


Finished building: sizedummy
 
00:15:28 **** Incremental Build of configuration Debug for project MiniProject ****
make all 
Building file: ../MiniProject.c
Invoking: AVR Compiler
avr-gcc -Wall -g2 -gstabs -O0 -fpack-struct -fshort-enums -ffunction-sections -fdata-sections -std=gnu99 -funsigned-char -funsigned-bitfields -mmcu=atmega32 -DF_CPU=1000000UL -MMD -MP -MF"MiniProject.d" -MT"MiniProject.o" -c -o "MiniProject.o" "../MiniProject.c"
../MiniProject.c: In function 'display':
../MiniProject.c:211: warning: implicit declaration of function '_delay_ms'
Finished building: ../MiniProject.c
 
Building target: MiniProject.elf
Invoking: AVR C Linker
avr-gcc -Wl,-Map,MiniProject.map -mmcu=atmega32 -o "MiniProject.elf"  ./MiniProject.o   
./MiniProject.o: In function `main':
../MiniProject.c:262: undefined reference to `_delay_ms'
../MiniProject.c:262: undefined reference to `_delay_ms'
../MiniProject.c:262: undefined reference to `_delay_ms'
../MiniProject.c:262: undefined reference to `_delay_ms'
../MiniProject.c:262: undefined reference to `_delay_ms'
./MiniProject.o:../MiniProject.c:262: more undefined references to `_delay_ms' follow
make: *** [MiniProject.elf] Error 1
"make all" terminated with exit code 2. Build might be incomplete.
00:16:49 **** Incremental Build of configuration Debug for project MiniProject ****
make all 
Building file: ../MiniProject.c
Invoking: AVR Compiler
avr-gcc -Wall -g2 -gstabs -O0 -fpack-struct -fshort-enums -ffunction-sections -fdata-sections -std=gnu99 -funsigned-char -funsigned-bitfields -mmcu=atmega32 -DF_CPU=1000000UL -MMD -MP -MF"MiniProject.d" -MT"MiniProject.o" -c -o "MiniProject.o" "../MiniProject.c"
../MiniProject.c: In function 'display':
../MiniProject.c:212: warning: implicit declaration of function '_delay_ms'
Finished building: ../MiniProject.c
 
Building target: MiniProject.elf
Invoking: AVR C Linker
avr-gcc -Wl,-Map,MiniProject.map -mmcu=atmega32 -o "MiniProject.elf"  ./MiniProject.o   
./MiniProject.o: In function `main':
../MiniProject.c:262: undefined reference to `_delay_ms'
../MiniProject.c:262: undefined reference to `_delay_ms'
../MiniProject.c:262: undefined reference to `_delay_ms'
../MiniProject.c:262: undefined reference to `_delay_ms'
../MiniProject.c:262: undefined reference to `_delay_ms'
./MiniProject.o:../MiniProject.c:262: more undefined references to `_delay_ms' follow
make: *** [MiniProject.elf] Error 1
"make all" terminated with exit code 2. Build might be incomplete.
00:17:41 **** Incremental Build of configuration Debug for project MiniProject ****
make all 
Building file: ../MiniProject.c
Invoking: AVR Compiler
avr-gcc -Wall -g2 -gstabs -O0 -fpack-struct -fshort-enums -ffunction-sections -fdata-sections -std=gnu99 -funsigned-char -funsigned-bitfields -mmcu=atmega32 -DF_CPU=1000000UL -MMD -MP -MF"MiniProject.d" -MT"MiniProject.o" -c -o "MiniProject.o" "../MiniProject.c"
../MiniProject.c: In function 'display':
../MiniProject.c:213: warning: implicit declaration of function '_delay_ms'
Finished building: ../MiniProject.c
 
Building target: MiniProject.elf
Invoking: AVR C Linker
avr-gcc -Wl,-Map,MiniProject.map -mmcu=atmega32 -o "MiniProject.elf"  ./MiniProject.o   
./MiniProject.o: In function `main':
../MiniProject.c:263: undefined reference to `_delay_ms'
../MiniProject.c:263: undefined reference to `_delay_ms'
../MiniProject.c:263: undefined reference to `_delay_ms'
../MiniProject.c:263: undefined reference to `_delay_ms'
../MiniProject.c:263: undefined reference to `_delay_ms'
./MiniProject.o:../MiniProject.c:263: more undefined references to `_delay_ms' follow
make: *** [MiniProject.elf] Error 1
"make all" terminated with exit code 2. Build might be incomplete.
00:17:48 **** Incremental Build of configuration Debug for project MiniProject ****
make all 
Building file: ../MiniProject.c
Invoking: AVR Compiler
avr-gcc -Wall -g2 -gstabs -O0 -fpack-struct -fshort-enums -ffunction-sections -fdata-sections -std=gnu99 -funsigned-char -funsigned-bitfields -mmcu=atmega32 -DF_CPU=1000000UL -MMD -MP -MF"MiniProject.d" -MT"MiniProject.o" -c -o "MiniProject.o" "../MiniProject.c"
In file included from ../MiniProject.c:126:
c:/winavr-20100110/lib/gcc/../../avr/include/util/delay.h:90:3: warning: #warning "Compiler optimizations disabled; functions from <util/delay.h> won't work as designed"
Finished building: ../MiniProject.c
 
Building target: MiniProject.elf
Invoking: AVR C Linker
avr-gcc -Wl,-Map,MiniProject.map -mmcu=atmega32 -o "MiniProject.elf"  ./MiniProject.o   
Finished building target: MiniProject.elf
 
Invoking: AVR Create Extended Listing
avr-objdump -h -S MiniProject.elf  >"MiniProject.lss"
Finished building: MiniProject.lss
 
Invoking: Print Size
avr-size --format=avr --mcu=atmega32 MiniProject.elf
AVR Memory Usage
----------------
Device: atmega32

Program:    5876 bytes (17.9% Full)
(.text + .data + .bootloader)

Data:         14 bytes (0.7% Full)
(.data + .bss + .noinit)


Finished building: sizedummy
 
00:20:30 **** Incremental Build of configuration Debug for project MiniProject ****
make all 
Invoking: Print Size
avr-size --format=avr --mcu=atmega32 MiniProject.elf
AVR Memory Usage
----------------
Device: atmega32

Program:    5876 bytes (17.9% Full)
(.text + .data + .bootloader)

Data:         14 bytes (0.7% Full)
(.data + .bss + .noinit)


Finished building: sizedummy
 
00:21:27 **** Incremental Build of configuration Debug for project MiniProject ****
make all 
Building file: ../MiniProject.c
Invoking: AVR Compiler
avr-gcc -Wall -g2 -gstabs -O0 -fpack-struct -fshort-enums -ffunction-sections -fdata-sections -std=gnu99 -funsigned-char -funsigned-bitfields -mmcu=atmega32 -DF_CPU=1000000UL -MMD -MP -MF"MiniProject.d" -MT"MiniProject.o" -c -o "MiniProject.o" "../MiniProject.c"
In file included from ../MiniProject.c:126:
c:/winavr-20100110/lib/gcc/../../avr/include/util/delay.h:90:3: warning: #warning "Compiler optimizations disabled; functions from <util/delay.h> won't work as designed"
Finished building: ../MiniProject.c
 
Building target: MiniProject.elf
Invoking: AVR C Linker
avr-gcc -Wl,-Map,MiniProject.map -mmcu=atmega32 -o "MiniProject.elf"  ./MiniProject.o   
Finished building target: MiniProject.elf
 
Invoking: AVR Create Extended Listing
avr-objdump -h -S MiniProject.elf  >"MiniProject.lss"
Finished building: MiniProject.lss
 
Invoking: Print Size
avr-size --format=avr --mcu=atmega32 MiniProject.elf
AVR Memory Usage
----------------
Device: atmega32

Program:    5876 bytes (17.9% Full)
(.text + .data + .bootloader)

Data:         14 bytes (0.7% Full)
(.data + .bss + .noinit)


Finished building: sizedummy
 
00:23:23 **** Incremental Build of configuration Debug for project MiniProject ****
make all 
Building file: ../MiniProject.c
Invoking: AVR Compiler
avr-gcc -Wall -g2 -gstabs -O0 -fpack-struct -fshort-enums -ffunction-sections -fdata-sections -std=gnu99 -funsigned-char -funsigned-bitfields -mmcu=atmega32 -DF_CPU=1000000UL -MMD -MP -MF"MiniProject.d" -MT"MiniProject.o" -c -o "MiniProject.o" "../MiniProject.c"
Finished building: ../MiniProject.c
 
Building target: MiniProject.elf
Invoking: AVR C Linker
avr-gcc -Wl,-Map,MiniProject.map -mmcu=atmega32 -o "MiniProject.elf"  ./MiniProject.o   
Finished building target: MiniProject.elf
 
Invoking: AVR Create Extended Listing
avr-objdump -h -S MiniProject.elf  >"MiniProject.lss"
Finished building: MiniProject.lss
 
Invoking: Print Size
avr-size --format=avr --mcu=atmega32 MiniProject.elf
AVR Memory Usage
----------------
Device: atmega32

Program:    1216 bytes (3.7% Full)
(.text + .data + .bootloader)

Data:          6 bytes (0.3% Full)
(.data + .bss + .noinit)


Finished building: sizedummy
 
00:56:54 **** Incremental Build of configuration Debug for project MiniProject ****
make all 
Building file: ../MiniProject.c
Invoking: AVR Compiler
avr-gcc -Wall -g2 -gstabs -O0 -fpack-struct -fshort-enums -ffunction-sections -fdata-sections -std=gnu99 -funsigned-char -funsigned-bitfields -mmcu=atmega32 -DF_CPU=1000000UL -MMD -MP -MF"MiniProject.d" -MT"MiniProject.o" -c -o "MiniProject.o" "../MiniProject.c"
../MiniProject.c: In function 'display':
../MiniProject.c:113: warning: implicit declaration of function '_delay_ms'
../MiniProject.c:104: warning: unused variable 'bcdHours'
Finished building: ../MiniProject.c
 
Building target: MiniProject.elf
Invoking: AVR C Linker
avr-gcc -Wl,-Map,MiniProject.map -mmcu=atmega32 -o "MiniProject.elf"  ./MiniProject.o   
./MiniProject.o: In function `main':
../MiniProject.c:153: undefined reference to `_delay_ms'
../MiniProject.c:153: undefined reference to `_delay_ms'
../MiniProject.c:153: undefined reference to `_delay_ms'
../MiniProject.c:153: undefined reference to `_delay_ms'
make: *** [MiniProject.elf] Error 1
"make all" terminated with exit code 2. Build might be incomplete.
00:57:09 **** Incremental Build of configuration Debug for project MiniProject ****
make all 
Building file: ../MiniProject.c
Invoking: AVR Compiler
avr-gcc -Wall -g2 -gstabs -O0 -fpack-struct -fshort-enums -ffunction-sections -fdata-sections -std=gnu99 -funsigned-char -funsigned-bitfields -mmcu=atmega32 -DF_CPU=1000000UL -MMD -MP -MF"MiniProject.d" -MT"MiniProject.o" -c -o "MiniProject.o" "../MiniProject.c"
In file included from ../MiniProject.c:10:
c:/winavr-20100110/lib/gcc/../../avr/include/util/delay.h:90:3: warning: #warning "Compiler optimizations disabled; functions from <util/delay.h> won't work as designed"
../MiniProject.c: In function 'display':
../MiniProject.c:105: warning: unused variable 'bcdHours'
Finished building: ../MiniProject.c
 
Building target: MiniProject.elf
Invoking: AVR C Linker
avr-gcc -Wl,-Map,MiniProject.map -mmcu=atmega32 -o "MiniProject.elf"  ./MiniProject.o   
Finished building target: MiniProject.elf
 
Invoking: AVR Create Extended Listing
avr-objdump -h -S MiniProject.elf  >"MiniProject.lss"
Finished building: MiniProject.lss
 
Invoking: Print Size
avr-size --format=avr --mcu=atmega32 MiniProject.elf
AVR Memory Usage
----------------
Device: atmega32

Program:    5082 bytes (15.5% Full)
(.text + .data + .bootloader)

Data:         14 bytes (0.7% Full)
(.data + .bss + .noinit)


Finished building: sizedummy
 
01:00:04 **** Incremental Build of configuration Debug for project MiniProject ****
make all 
Invoking: Print Size
avr-size --format=avr --mcu=atmega32 MiniProject.elf
AVR Memory Usage
----------------
Device: atmega32

Program:    5082 bytes (15.5% Full)
(.text + .data + .bootloader)

Data:         14 bytes (0.7% Full)
(.data + .bss + .noinit)


Finished building: sizedummy
 
01:00:48 **** Incremental Build of configuration Debug for project MiniProject ****
make all 
Building file: ../MiniProject.c
Invoking: AVR Compiler
avr-gcc -Wall -g2 -gstabs -O0 -fpack-struct -fshort-enums -ffunction-sections -fdata-sections -std=gnu99 -funsigned-char -funsigned-bitfields -mmcu=atmega32 -DF_CPU=1000000UL -MMD -MP -MF"MiniProject.d" -MT"MiniProject.o" -c -o "MiniProject.o" "../MiniProject.c"
In file included from ../MiniProject.c:10:
c:/winavr-20100110/lib/gcc/../../avr/include/util/delay.h:90:3: warning: #warning "Compiler optimizations disabled; functions from <util/delay.h> won't work as designed"
../MiniProject.c: In function 'display':
../MiniProject.c:105: warning: unused variable 'bcdHours'
Finished building: ../MiniProject.c
 
Building target: MiniProject.elf
Invoking: AVR C Linker
avr-gcc -Wl,-Map,MiniProject.map -mmcu=atmega32 -o "MiniProject.elf"  ./MiniProject.o   
Finished building target: MiniProject.elf
 
Invoking: AVR Create Extended Listing
avr-objdump -h -S MiniProject.elf  >"MiniProject.lss"
Finished building: MiniProject.lss
 
Invoking: Print Size
avr-size --format=avr --mcu=atmega32 MiniProject.elf
AVR Memory Usage
----------------
Device: atmega32

Program:    5082 bytes (15.5% Full)
(.text + .data + .bootloader)

Data:         14 bytes (0.7% Full)
(.data + .bss + .noinit)


Finished building: sizedummy
 
01:03:35 **** Incremental Build of configuration Debug for project MiniProject ****
make all 
Building file: ../MiniProject.c
Invoking: AVR Compiler
avr-gcc -Wall -g2 -gstabs -O0 -fpack-struct -fshort-enums -ffunction-sections -fdata-sections -std=gnu99 -funsigned-char -funsigned-bitfields -mmcu=atmega32 -DF_CPU=1000000UL -MMD -MP -MF"MiniProject.d" -MT"MiniProject.o" -c -o "MiniProject.o" "../MiniProject.c"
In file included from ../MiniProject.c:10:
c:/winavr-20100110/lib/gcc/../../avr/include/util/delay.h:90:3: warning: #warning "Compiler optimizations disabled; functions from <util/delay.h> won't work as designed"
../MiniProject.c: In function 'display':
../MiniProject.c:105: warning: unused variable 'bcdHours'
Finished building: ../MiniProject.c
 
Building target: MiniProject.elf
Invoking: AVR C Linker
avr-gcc -Wl,-Map,MiniProject.map -mmcu=atmega32 -o "MiniProject.elf"  ./MiniProject.o   
Finished building target: MiniProject.elf
 
Invoking: AVR Create Extended Listing
avr-objdump -h -S MiniProject.elf  >"MiniProject.lss"
Finished building: MiniProject.lss
 
Invoking: Print Size
avr-size --format=avr --mcu=atmega32 MiniProject.elf
AVR Memory Usage
----------------
Device: atmega32

Program:    5094 bytes (15.5% Full)
(.text + .data + .bootloader)

Data:         14 bytes (0.7% Full)
(.data + .bss + .noinit)


Finished building: sizedummy
 
01:04:37 **** Incremental Build of configuration Debug for project MiniProject ****
make all 
Building file: ../MiniProject.c
Invoking: AVR Compiler
avr-gcc -Wall -g2 -gstabs -O0 -fpack-struct -fshort-enums -ffunction-sections -fdata-sections -std=gnu99 -funsigned-char -funsigned-bitfields -mmcu=atmega32 -DF_CPU=1000000UL -MMD -MP -MF"MiniProject.d" -MT"MiniProject.o" -c -o "MiniProject.o" "../MiniProject.c"
In file included from ../MiniProject.c:10:
c:/winavr-20100110/lib/gcc/../../avr/include/util/delay.h:90:3: warning: #warning "Compiler optimizations disabled; functions from <util/delay.h> won't work as designed"
../MiniProject.c: In function 'display':
../MiniProject.c:106: warning: unused variable 'bcdHours'
Finished building: ../MiniProject.c
 
Building target: MiniProject.elf
Invoking: AVR C Linker
avr-gcc -Wl,-Map,MiniProject.map -mmcu=atmega32 -o "MiniProject.elf"  ./MiniProject.o   
Finished building target: MiniProject.elf
 
Invoking: AVR Create Extended Listing
avr-objdump -h -S MiniProject.elf  >"MiniProject.lss"
Finished building: MiniProject.lss
 
Invoking: Print Size
avr-size --format=avr --mcu=atmega32 MiniProject.elf
AVR Memory Usage
----------------
Device: atmega32

Program:    5082 bytes (15.5% Full)
(.text + .data + .bootloader)

Data:         14 bytes (0.7% Full)
(.data + .bss + .noinit)


Finished building: sizedummy
 
01:04:39 **** Incremental Build of configuration Debug for project MiniProject ****
make all 
Invoking: Print Size
avr-size --format=avr --mcu=atmega32 MiniProject.elf
AVR Memory Usage
----------------
Device: atmega32

Program:    5082 bytes (15.5% Full)
(.text + .data + .bootloader)

Data:         14 bytes (0.7% Full)
(.data + .bss + .noinit)


Finished building: sizedummy
 
01:07:29 **** Incremental Build of configuration Debug for project MiniProject ****
make all 
Building file: ../MiniProject.c
Invoking: AVR Compiler
avr-gcc -Wall -g2 -gstabs -O0 -fpack-struct -fshort-enums -ffunction-sections -fdata-sections -std=gnu99 -funsigned-char -funsigned-bitfields -mmcu=atmega32 -DF_CPU=1000000UL -MMD -MP -MF"MiniProject.d" -MT"MiniProject.o" -c -o "MiniProject.o" "../MiniProject.c"
In file included from ../MiniProject.c:10:
c:/winavr-20100110/lib/gcc/../../avr/include/util/delay.h:90:3: warning: #warning "Compiler optimizations disabled; functions from <util/delay.h> won't work as designed"
../MiniProject.c: In function 'display':
../MiniProject.c:132: warning: unused variable 'bcdHours'
../MiniProject.c: At top level:
../MiniProject.c:171: error: redefinition of 'timer1_CTC'
../MiniProject.c:16: error: previous definition of 'timer1_CTC' was here
make: *** [MiniProject.o] Error 1
"make all" terminated with exit code 2. Build might be incomplete.
01:07:50 **** Incremental Build of configuration Debug for project MiniProject ****
make all 
Building file: ../MiniProject.c
Invoking: AVR Compiler
avr-gcc -Wall -g2 -gstabs -O0 -fpack-struct -fshort-enums -ffunction-sections -fdata-sections -std=gnu99 -funsigned-char -funsigned-bitfields -mmcu=atmega32 -DF_CPU=1000000UL -MMD -MP -MF"MiniProject.d" -MT"MiniProject.o" -c -o "MiniProject.o" "../MiniProject.c"
In file included from ../MiniProject.c:10:
c:/winavr-20100110/lib/gcc/../../avr/include/util/delay.h:90:3: warning: #warning "Compiler optimizations disabled; functions from <util/delay.h> won't work as designed"
../MiniProject.c: In function 'display':
../MiniProject.c:133: warning: unused variable 'bcdHours'
Finished building: ../MiniProject.c
 
Building target: MiniProject.elf
Invoking: AVR C Linker
avr-gcc -Wl,-Map,MiniProject.map -mmcu=atmega32 -o "MiniProject.elf"  ./MiniProject.o   
Finished building target: MiniProject.elf
 
Invoking: AVR Create Extended Listing
avr-objdump -h -S MiniProject.elf  >"MiniProject.lss"
Finished building: MiniProject.lss
 
Invoking: Print Size
avr-size --format=avr --mcu=atmega32 MiniProject.elf
AVR Memory Usage
----------------
Device: atmega32

Program:    1330 bytes (4.1% Full)
(.text + .data + .bootloader)

Data:          8 bytes (0.4% Full)
(.data + .bss + .noinit)


Finished building: sizedummy
 
01:25:04 **** Incremental Build of configuration Debug for project MiniProject ****
make all 
Building file: ../MiniProject.c
Invoking: AVR Compiler
avr-gcc -Wall -g2 -gstabs -O0 -fpack-struct -fshort-enums -ffunction-sections -fdata-sections -std=gnu99 -funsigned-char -funsigned-bitfields -mmcu=atmega32 -DF_CPU=1000000UL -MMD -MP -MF"MiniProject.d" -MT"MiniProject.o" -c -o "MiniProject.o" "../MiniProject.c"
In file included from ../MiniProject.c:10:
c:/winavr-20100110/lib/gcc/../../avr/include/util/delay.h:90:3: warning: #warning "Compiler optimizations disabled; functions from <util/delay.h> won't work as designed"
../MiniProject.c: In function '__vector_7':
../MiniProject.c:47: warning: implicit declaration of function 'Reset_Timer'
../MiniProject.c: In function 'display':
../MiniProject.c:131: warning: unused variable 'bcdHours'
Finished building: ../MiniProject.c
 
Building target: MiniProject.elf
Invoking: AVR C Linker
avr-gcc -Wl,-Map,MiniProject.map -mmcu=atmega32 -o "MiniProject.elf"  ./MiniProject.o   
./MiniProject.o: In function `main':
c:/winavr-20100110/lib/gcc/../../avr/include/util/delay.h:129: undefined reference to `Reset_Timer'
make: *** [MiniProject.elf] Error 1
"make all" terminated with exit code 2. Build might be incomplete.
01:26:47 **** Incremental Build of configuration Debug for project MiniProject ****
make all 
Building file: ../MiniProject.c
Invoking: AVR Compiler
avr-gcc -Wall -g2 -gstabs -O0 -fpack-struct -fshort-enums -ffunction-sections -fdata-sections -std=gnu99 -funsigned-char -funsigned-bitfields -mmcu=atmega32 -DF_CPU=1000000UL -MMD -MP -MF"MiniProject.d" -MT"MiniProject.o" -c -o "MiniProject.o" "../MiniProject.c"
In file included from ../MiniProject.c:10:
c:/winavr-20100110/lib/gcc/../../avr/include/util/delay.h:90:3: warning: #warning "Compiler optimizations disabled; functions from <util/delay.h> won't work as designed"
../MiniProject.c: In function '__vector_7':
../MiniProject.c:47: warning: implicit declaration of function 'Reset_Timer'
Finished building: ../MiniProject.c
 
Building target: MiniProject.elf
Invoking: AVR C Linker
avr-gcc -Wl,-Map,MiniProject.map -mmcu=atmega32 -o "MiniProject.elf"  ./MiniProject.o   
./MiniProject.o: In function `main':
c:/winavr-20100110/lib/gcc/../../avr/include/util/delay.h:129: undefined reference to `Reset_Timer'
make: *** [MiniProject.elf] Error 1
"make all" terminated with exit code 2. Build might be incomplete.
01:29:41 **** Incremental Build of configuration Debug for project MiniProject ****
make all 
Building file: ../MiniProject.c
Invoking: AVR Compiler
avr-gcc -Wall -g2 -gstabs -O0 -fpack-struct -fshort-enums -ffunction-sections -fdata-sections -std=gnu99 -funsigned-char -funsigned-bitfields -mmcu=atmega32 -DF_CPU=1000000UL -MMD -MP -MF"MiniProject.d" -MT"MiniProject.o" -c -o "MiniProject.o" "../MiniProject.c"
In file included from ../MiniProject.c:10:
c:/winavr-20100110/lib/gcc/../../avr/include/util/delay.h:90:3: warning: #warning "Compiler optimizations disabled; functions from <util/delay.h> won't work as designed"
Finished building: ../MiniProject.c
 
Building target: MiniProject.elf
Invoking: AVR C Linker
avr-gcc -Wl,-Map,MiniProject.map -mmcu=atmega32 -o "MiniProject.elf"  ./MiniProject.o   
Finished building target: MiniProject.elf
 
Invoking: AVR Create Extended Listing
avr-objdump -h -S MiniProject.elf  >"MiniProject.lss"
Finished building: MiniProject.lss
 
Invoking: Print Size
avr-size --format=avr --mcu=atmega32 MiniProject.elf
AVR Memory Usage
----------------
Device: atmega32

Program:    4304 bytes (13.1% Full)
(.text + .data + .bootloader)

Data:         26 bytes (1.3% Full)
(.data + .bss + .noinit)


Finished building: sizedummy
 
